<?xml version="1.0" encoding="UTF-8"?>
<!-- Generated by org.testng.reporters.JUnitXMLReporter -->
<testsuite ignored="0" hostname="DESKTOP-TB1SOAT" failures="0" tests="4" name="Test" time="30.152" errors="0" timestamp="2022-05-31T16:40:38 IST">
  <testcase classname="com.SauceDemo.TestClasses.TC05FilterFunctionality" name="filterFunctionality" time="2.787"/>
  <testcase classname="com.SauceDemo.TestClasses.TCO3AddCart" name="AddCartfunctionality" time="0.801"/>
  <testcase classname="com.SauceDemo.TestClasses.TC02LogOutFunctionality" name="logout" time="1.116"/>
  <testcase classname="com.SauceDemo.TestClasses.TC1LoginFunctionality" name="loginFunctionalitytest" time="0.572"/>
</testsuite> <!-- Test -->
